Determining if the pthread_create exist failed with the following output:
Change Dir: /home/navin/Desktop/FINAL as2/as2/build/CMakeFiles/CMakeTmp

Run Build Command:"/usr/bin/make" "cmTC_737c9/fast"
/usr/bin/make -f CMakeFiles/cmTC_737c9.dir/build.make CMakeFiles/cmTC_737c9.dir/build
make[1]: Entering directory '/home/navin/Desktop/FINAL as2/as2/build/CMakeFiles/CMakeTmp'
Building C object CMakeFiles/cmTC_737c9.dir/CheckSymbolExists.c.o
/usr/bin/cc     -o CMakeFiles/cmTC_737c9.dir/CheckSymbolExists.c.o   -c "/home/navin/Desktop/FINAL as2/as2/build/CMakeFiles/CMakeTmp/CheckSymbolExists.c"
Linking C executable cmTC_737c9
/usr/bin/cmake -E cmake_link_script CMakeFiles/cmTC_737c9.dir/link.txt --verbose=1
/usr/bin/cc       CMakeFiles/cmTC_737c9.dir/CheckSymbolExists.c.o  -o cmTC_737c9 -rdynamic 
CMakeFiles/cmTC_737c9.dir/CheckSymbolExists.c.o: In function `main':
CheckSymbolExists.c:(.text+0x16): undefined reference to `pthread_create'
collect2: error: ld returned 1 exit status
CMakeFiles/cmTC_737c9.dir/build.make:97: recipe for target 'cmTC_737c9' failed
make[1]: *** [cmTC_737c9] Error 1
make[1]: Leaving directory '/home/navin/Desktop/FINAL as2/as2/build/CMakeFiles/CMakeTmp'
Makefile:126: recipe for target 'cmTC_737c9/fast' failed
make: *** [cmTC_737c9/fast] Error 2

File /home/navin/Desktop/FINAL as2/as2/build/CMakeFiles/CMakeTmp/CheckSymbolExists.c:
/* */
#include <pthread.h>

int main(int argc, char** argv)
{
  (void)argv;
#ifndef pthread_create
  return ((int*)(&pthread_create))[argc];
#else
  (void)argc;
  return 0;
#endif
}

Determining if the function pthread_create exists in the pthreads failed with the following output:
Change Dir: /home/navin/Desktop/FINAL as2/as2/build/CMakeFiles/CMakeTmp

Run Build Command:"/usr/bin/make" "cmTC_a59fb/fast"
/usr/bin/make -f CMakeFiles/cmTC_a59fb.dir/build.make CMakeFiles/cmTC_a59fb.dir/build
make[1]: Entering directory '/home/navin/Desktop/FINAL as2/as2/build/CMakeFiles/CMakeTmp'
Building C object CMakeFiles/cmTC_a59fb.dir/CheckFunctionExists.c.o
/usr/bin/cc    -DCHECK_FUNCTION_EXISTS=pthread_create   -o CMakeFiles/cmTC_a59fb.dir/CheckFunctionExists.c.o   -c /usr/share/cmake-3.5/Modules/CheckFunctionExists.c
Linking C executable cmTC_a59fb
/usr/bin/cmake -E cmake_link_script CMakeFiles/cmTC_a59fb.dir/link.txt --verbose=1
/usr/bin/cc   -DCHECK_FUNCTION_EXISTS=pthread_create    CMakeFiles/cmTC_a59fb.dir/CheckFunctionExists.c.o  -o cmTC_a59fb -rdynamic -lpthreads 
/usr/bin/ld: cannot find -lpthreads
collect2: error: ld returned 1 exit status
CMakeFiles/cmTC_a59fb.dir/build.make:97: recipe for target 'cmTC_a59fb' failed
make[1]: *** [cmTC_a59fb] Error 1
make[1]: Leaving directory '/home/navin/Desktop/FINAL as2/as2/build/CMakeFiles/CMakeTmp'
Makefile:126: recipe for target 'cmTC_a59fb/fast' failed
make: *** [cmTC_a59fb/fast] Error 2


