22:41:03: Creating resource group General
22:41:03: Creating resource group Internal
22:41:03: Creating resource group Autodetect
22:41:03: SceneManagerFactory for type 'DefaultSceneManager' registered.
22:41:03: Registering ResourceManager for type Material
22:41:03: Registering ResourceManager for type Mesh
22:41:03: Registering ResourceManager for type Skeleton
22:41:03: MovableObjectFactory for type 'ParticleSystem' registered.
22:41:03: ArchiveFactory for archive type FileSystem registered.
22:41:03: ArchiveFactory for archive type Zip registered.
22:41:03: ArchiveFactory for archive type EmbeddedZip registered.
22:41:03: DDS codec registering
22:41:03: FreeImage version: 3.17.0
22:41:03: This program uses FreeImage, a free, open source image library supporting all common bitmap formats. See http://freeimage.sourceforge.net for details
22:41:03: Supported formats: bmp,ico,jpg,jif,jpeg,jpe,jng,koa,iff,lbm,mng,pbm,pbm,pcd,pcx,pgm,pgm,png,ppm,ppm,ras,tga,targa,tif,tiff,wap,wbmp,wbm,psd,cut,xbm,xpm,gif,hdr,sgi,rgb,rgba,bw,exr,j2k,j2c,jp2,pfm,pct,pict,pic,3fr,arw,bay,bmq,cap,cine,cr2,crw,cs1,dc2,dcr,drf,dsc,dng,erf,fff,ia,iiq,k25,kc2,kdc,mdc,mef,mos,mrw,nef,nrw,orf,pef,ptx,pxn,qtk,raf,raw,rdc,rw2,rwl,rwz,sr2,srf,srw,sti,x3f,webp,jxr,wdp,hdp
22:41:03: Registering ResourceManager for type HighLevelGpuProgram
22:41:03: Registering ResourceManager for type Compositor
22:41:03: MovableObjectFactory for type 'Entity' registered.
22:41:03: MovableObjectFactory for type 'Light' registered.
22:41:03: MovableObjectFactory for type 'BillboardSet' registered.
22:41:03: MovableObjectFactory for type 'ManualObject' registered.
22:41:03: MovableObjectFactory for type 'BillboardChain' registered.
22:41:03: MovableObjectFactory for type 'RibbonTrail' registered.
22:41:03: Loading library /usr/local/lib/OGRE/RenderSystem_GL
22:41:03: Installing plugin: GL RenderSystem
22:41:03: OpenGL Rendering Subsystem created.
22:41:03: Plugin successfully installed
22:41:03: Loading library /usr/local/lib/OGRE/Plugin_ParticleFX
22:41:03: Installing plugin: ParticleFX
22:41:03: Particle Emitter Type 'Point' registered
22:41:03: Particle Emitter Type 'Box' registered
22:41:03: Particle Emitter Type 'Ellipsoid' registered
22:41:03: Particle Emitter Type 'Cylinder' registered
22:41:03: Particle Emitter Type 'Ring' registered
22:41:03: Particle Emitter Type 'HollowEllipsoid' registered
22:41:03: Particle Affector Type 'LinearForce' registered
22:41:03: Particle Affector Type 'ColourFader' registered
22:41:03: Particle Affector Type 'ColourFader2' registered
22:41:03: Particle Affector Type 'ColourImage' registered
22:41:03: Particle Affector Type 'ColourInterpolator' registered
22:41:03: Particle Affector Type 'Scaler' registered
22:41:03: Particle Affector Type 'Rotator' registered
22:41:03: Particle Affector Type 'DirectionRandomiser' registered
22:41:03: Particle Affector Type 'DeflectorPlane' registered
22:41:03: Plugin successfully installed
22:41:03: Loading library /usr/local/lib/OGRE/Plugin_BSPSceneManager
22:41:03: Installing plugin: BSP Scene Manager
22:41:03: Plugin successfully installed
22:41:03: Loading library /usr/local/lib/OGRE/Plugin_CgProgramManager
22:41:03: Installing plugin: Cg Program Manager
22:41:03: Plugin successfully installed
22:41:03: Loading library /usr/local/lib/OGRE/Plugin_PCZSceneManager
22:41:03: Installing plugin: Portal Connected Zone Scene Manager
22:41:03: PCZone Factory Type 'ZoneType_Default' registered
22:41:03: Plugin successfully installed
22:41:03: Loading library /usr/local/lib/OGRE/Plugin_OctreeZone
22:41:03: Installing plugin: Octree Zone Factory
22:41:03: Plugin successfully installed
22:41:03: Loading library /usr/local/lib/OGRE/Plugin_OctreeSceneManager
22:41:03: Installing plugin: Octree Scene Manager
22:41:03: Plugin successfully installed
22:41:03: *-*-* OGRE Initialising
22:41:03: *-*-* Version 1.9.0 (Ghadamon)
22:41:03: Creating resource group Essential
22:41:03: Added resource location '../media/packs/SdkTrays.zip' of type 'Zip' to resource group 'Essential'
22:41:03: Added resource location '../media' of type 'FileSystem' to resource group 'General'
22:41:03: Added resource location '../media/materials/scripts' of type 'FileSystem' to resource group 'General'
22:41:03: Added resource location '../media/materials/textures' of type 'FileSystem' to resource group 'General'
22:41:03: Added resource location '../media/models' of type 'FileSystem' to resource group 'General'
22:41:07: CPU Identifier & Features
22:41:07: -------------------------
22:41:07:  *   CPU ID: GenuineIntel: Intel(R) Core(TM) i7-7500U CPU @ 2.70GHz
22:41:07:  *      SSE: yes
22:41:07:  *     SSE2: yes
22:41:07:  *     SSE3: yes
22:41:07:  *      MMX: yes
22:41:07:  *   MMXEXT: yes
22:41:07:  *    3DNOW: no
22:41:07:  * 3DNOWEXT: no
22:41:07:  *     CMOV: yes
22:41:07:  *      TSC: yes
22:41:07:  *      FPU: yes
22:41:07:  *      PRO: yes
22:41:07:  *       HT: no
22:41:07: -------------------------
22:41:07: ******************************
*** Starting GLX Subsystem ***
******************************
22:41:07: Registering ResourceManager for type Texture
22:41:07: GLRenderSystem::_createRenderWindow "TutorialApplication Render Window", 1920x1080 fullscreen  miscParams: FSAA=0 displayFrequency=60 Hz gamma=No vsync=No 
22:41:07: GLXWindow::create used FBConfigID = 171
22:41:07: GL_VERSION = 3.0 Mesa 17.0.7
22:41:07: GL_VENDOR = Intel Open Source Technology Center
22:41:07: GL_RENDERER = Mesa DRI Intel(R) HD Graphics 620 (Kabylake GT2) 
22:41:07: GL_EXTENSIONS = GL_ARB_multisample GL_EXT_abgr GL_EXT_bgra GL_EXT_blend_color GL_EXT_blend_minmax GL_EXT_blend_subtract GL_EXT_copy_texture GL_EXT_polygon_offset GL_EXT_subtexture GL_EXT_texture_object GL_EXT_vertex_array GL_EXT_compiled_vertex_array GL_EXT_texture GL_EXT_texture3D GL_IBM_rasterpos_clip GL_ARB_point_parameters GL_EXT_draw_range_elements GL_EXT_packed_pixels GL_EXT_point_parameters GL_EXT_rescale_normal GL_EXT_separate_specular_color GL_EXT_texture_edge_clamp GL_SGIS_generate_mipmap GL_SGIS_texture_border_clamp GL_SGIS_texture_edge_clamp GL_SGIS_texture_lod GL_ARB_framebuffer_sRGB GL_ARB_multitexture GL_EXT_framebuffer_sRGB GL_IBM_multimode_draw_arrays GL_IBM_texture_mirrored_repeat GL_3DFX_texture_compression_FXT1 GL_ARB_texture_cube_map GL_ARB_texture_env_add GL_ARB_transpose_matrix GL_EXT_blend_func_separate GL_EXT_fog_coord GL_EXT_multi_draw_arrays GL_EXT_secondary_color GL_EXT_texture_env_add GL_EXT_texture_filter_anisotropic GL_EXT_texture_lod_bias GL_INGR_blend_func_separate GL_NV_blend_square GL_NV_light_max_exponent GL_NV_texgen_reflection GL_NV_texture_env_combine4 GL_S3_s3tc GL_SUN_multi_draw_arrays GL_ARB_texture_border_clamp GL_ARB_texture_compression GL_EXT_framebuffer_object GL_EXT_texture_compression_s3tc GL_EXT_texture_env_combine GL_EXT_texture_env_dot3 GL_MESA_window_pos GL_NV_packed_depth_stencil GL_NV_texture_rectangle GL_ARB_depth_texture GL_ARB_occlusion_query GL_ARB_shadow GL_ARB_texture_env_combine GL_ARB_texture_env_crossbar GL_ARB_texture_env_dot3 GL_ARB_texture_mirrored_repeat GL_ARB_window_pos GL_EXT_stencil_two_side GL_EXT_texture_cube_map GL_NV_depth_clamp GL_APPLE_packed_pixels GL_APPLE_vertex_array_object GL_ARB_draw_buffers GL_ARB_fragment_program GL_ARB_fragment_shader GL_ARB_shader_objects GL_ARB_vertex_program GL_ARB_vertex_shader GL_ATI_draw_buffers GL_ATI_texture_env_combine3 GL_ATI_texture_float GL_EXT_shadow_funcs GL_EXT_stencil_wrap GL_MESA_pack_invert GL_NV_primitive_restart GL_ARB_depth_clamp GL_ARB_fragment_program_shadow GL_ARB_half_float_pixel GL_ARB_occlusion_query2 GL_ARB_point_sprite GL_ARB_shading_language_100 GL_ARB_sync GL_ARB_texture_non_power_of_two GL_ARB_vertex_buffer_object GL_ATI_blend_equation_separate GL_EXT_blend_equation_separate GL_OES_read_format GL_ARB_color_buffer_float GL_ARB_pixel_buffer_object GL_ARB_texture_compression_rgtc GL_ARB_texture_float GL_ARB_texture_rectangle GL_EXT_packed_float GL_EXT_pixel_buffer_object GL_EXT_texture_compression_dxt1 GL_EXT_texture_compression_rgtc GL_EXT_texture_rectangle GL_EXT_texture_sRGB GL_EXT_texture_shared_exponent GL_ARB_framebuffer_object GL_EXT_framebuffer_blit GL_EXT_framebuffer_multisample GL_EXT_packed_depth_stencil GL_APPLE_object_purgeable GL_ARB_vertex_array_object GL_ATI_separate_stencil GL_EXT_draw_buffers2 GL_EXT_draw_instanced GL_EXT_gpu_program_parameters GL_EXT_texture_array GL_EXT_texture_integer GL_EXT_texture_sRGB_decode GL_EXT_timer_query GL_OES_EGL_image GL_ARB_copy_buffer GL_ARB_depth_buffer_float GL_ARB_draw_instanced GL_ARB_half_float_vertex GL_ARB_instanced_arrays GL_ARB_map_buffer_range GL_ARB_texture_rg GL_ARB_texture_swizzle GL_ARB_vertex_array_bgra GL_EXT_texture_swizzle GL_EXT_vertex_array_bgra GL_NV_conditional_render GL_AMD_conservative_depth GL_AMD_draw_buffers_blend GL_AMD_seamless_cubemap_per_texture GL_AMD_shader_stencil_export GL_ARB_ES2_compatibility GL_ARB_blend_func_extended GL_ARB_debug_output GL_ARB_draw_buffers_blend GL_ARB_draw_elements_base_vertex GL_ARB_explicit_attrib_location GL_ARB_fragment_coord_conventions GL_ARB_provoking_vertex GL_ARB_sample_shading GL_ARB_sampler_objects GL_ARB_seamless_cube_map GL_ARB_shader_stencil_export GL_ARB_shader_texture_lod GL_ARB_texture_cube_map_array GL_ARB_texture_gather GL_ARB_texture_multisample GL_ARB_texture_query_lod GL_ARB_texture_rgb10_a2ui GL_ARB_uniform_buffer_object GL_ARB_vertex_type_2_10_10_10_rev GL_EXT_provoking_vertex GL_EXT_texture_snorm GL_MESA_texture_signed_rgba GL_NV_texture_barrier GL_ARB_get_program_binary GL_ARB_robustness GL_ARB_separate_shader_objects GL_ARB_shader_bit_encoding GL_ARB_shader_precision GL_ARB_texture_compression_bptc GL_ARB_timer_query GL_ARB_transform_feedback2 GL_ARB_transform_feedback3 GL_ANGLE_texture_compression_dxt3 GL_ANGLE_texture_compression_dxt5 GL_ARB_compressed_texture_pixel_storage GL_ARB_conservative_depth GL_ARB_internalformat_query GL_ARB_map_buffer_alignment GL_ARB_shader_atomic_counters GL_ARB_shader_image_load_store GL_ARB_shading_language_420pack GL_ARB_shading_language_packing GL_ARB_texture_storage GL_ARB_transform_feedback_instanced GL_EXT_framebuffer_multisample_blit_scaled GL_EXT_transform_feedback GL_AMD_shader_trinary_minmax GL_ARB_ES3_compatibility GL_ARB_arrays_of_arrays GL_ARB_clear_buffer_object GL_ARB_compute_shader GL_ARB_copy_image GL_ARB_explicit_uniform_location GL_ARB_framebuffer_no_attachments GL_ARB_invalidate_subdata GL_ARB_program_interface_query GL_ARB_robust_buffer_access_behavior GL_ARB_shader_image_size GL_ARB_shader_storage_buffer_object GL_ARB_stencil_texturing GL_ARB_texture_query_levels GL_ARB_texture_storage_multisample GL_ARB_texture_view GL_ARB_vertex_attrib_binding GL_KHR_debug GL_KHR_robustness GL_KHR_texture_compression_astc_ldr GL_ARB_buffer_storage GL_ARB_clear_texture GL_ARB_internalformat_query2 GL_ARB_multi_bind GL_ARB_query_buffer_object GL_ARB_seamless_cubemap_per_texture GL_ARB_shader_draw_parameters GL_ARB_texture_mirror_clamp_to_edge GL_ARB_texture_stencil8 GL_ARB_vertex_type_10f_11f_11f_rev GL_EXT_shader_integer_mix GL_ARB_clip_control GL_ARB_conditional_render_inverted GL_ARB_cull_distance GL_ARB_derivative_control GL_ARB_get_texture_sub_image GL_ARB_pipeline_statistics_query GL_ARB_shader_texture_image_samples GL_ARB_texture_barrier GL_EXT_polygon_offset_clamp GL_KHR_blend_equation_advanced GL_KHR_blend_equation_advanced_coherent GL_KHR_context_flush_control GL_KHR_robust_buffer_access_behavior GL_ARB_shader_atomic_counter_ops GL_ARB_shader_clock GL_EXT_shader_samples_identical GL_KHR_texture_compression_astc_sliced_3d GL_MESA_shader_integer_functions 
22:41:07: Supported GLX extensions: GLX_ARB_create_context GLX_ARB_create_context_profile GLX_ARB_create_context_robustness GLX_ARB_fbconfig_float GLX_ARB_framebuffer_sRGB GLX_ARB_get_proc_address GLX_ARB_multisample GLX_EXT_import_context GLX_EXT_visual_info GLX_EXT_visual_rating GLX_EXT_fbconfig_packed_float GLX_EXT_framebuffer_sRGB GLX_EXT_create_context_es2_profile GLX_EXT_create_context_es_profile GLX_MESA_copy_sub_buffer GLX_MESA_multithread_makecurrent GLX_MESA_query_renderer GLX_MESA_swap_control GLX_OML_swap_method GLX_OML_sync_control GLX_SGI_make_current_read GLX_SGI_swap_control GLX_SGI_video_sync GLX_SGIS_multisample GLX_SGIX_fbconfig GLX_SGIX_pbuffer GLX_SGIX_visual_select_group GLX_EXT_texture_from_pixmap GLX_INTEL_swap_event GLX_EXT_buffer_age 
22:41:07: ***************************
22:41:07: *** GL Renderer Started ***
22:41:07: ***************************
22:41:07: Registering ResourceManager for type GpuProgram
22:41:07: GLSL support detected
22:41:07: GL: Using GL_EXT_framebuffer_object for rendering to textures (best)
22:41:07: FBO PF_UNKNOWN depth/stencil support: D0S1 D0S4 D0S8 D0S16 D16S0 D16S1 D16S4 D16S8 D16S16 D24S0 D24S1 D24S4 D24S8 D24S16 D32S0 D32S1 D32S4 D32S8 D32S16 Packed-D24S8 
22:41:07: FBO PF_L8 depth/stencil support: D0S0 D0S1 D0S4 D0S8 D0S16 D16S0 D16S1 D16S4 D16S8 D16S16 D24S0 D24S1 D24S4 D24S8 D24S16 D32S0 D32S1 D32S4 D32S8 D32S16 Packed-D24S8 
22:41:07: FBO PF_L16 depth/stencil support: D0S0 D0S1 D0S4 D0S8 D0S16 D16S0 D16S1 D16S4 D16S8 D16S16 D24S0 D24S1 D24S4 D24S8 D24S16 D32S0 D32S1 D32S4 D32S8 D32S16 Packed-D24S8 
22:41:07: FBO PF_A8 depth/stencil support: D0S0 D0S1 D0S4 D0S8 D0S16 D16S0 D16S1 D16S4 D16S8 D16S16 D24S0 D24S1 D24S4 D24S8 D24S16 D32S0 D32S1 D32S4 D32S8 D32S16 Packed-D24S8 
22:41:07: FBO PF_R5G6B5 depth/stencil support: D0S0 D0S1 D0S4 D0S8 D0S16 D16S0 D16S1 D16S4 D16S8 D16S16 D24S0 D24S1 D24S4 D24S8 D24S16 D32S0 D32S1 D32S4 D32S8 D32S16 Packed-D24S8 
22:41:07: FBO PF_B5G6R5 depth/stencil support: D0S0 D0S1 D0S4 D0S8 D0S16 D16S0 D16S1 D16S4 D16S8 D16S16 D24S0 D24S1 D24S4 D24S8 D24S16 D32S0 D32S1 D32S4 D32S8 D32S16 Packed-D24S8 
22:41:07: FBO PF_A4R4G4B4 depth/stencil support: D0S0 D0S1 D0S4 D0S8 D0S16 D16S0 D16S1 D16S4 D16S8 D16S16 D24S0 D24S1 D24S4 D24S8 D24S16 D32S0 D32S1 D32S4 D32S8 D32S16 Packed-D24S8 
22:41:07: FBO PF_A1R5G5B5 depth/stencil support: D0S0 D0S1 D0S4 D0S8 D0S16 D16S0 D16S1 D16S4 D16S8 D16S16 D24S0 D24S1 D24S4 D24S8 D24S16 D32S0 D32S1 D32S4 D32S8 D32S16 Packed-D24S8 
22:41:07: FBO PF_R8G8B8 depth/stencil support: D0S0 D0S1 D0S4 D0S8 D0S16 D16S0 D16S1 D16S4 D16S8 D16S16 D24S0 D24S1 D24S4 D24S8 D24S16 D32S0 D32S1 D32S4 D32S8 D32S16 Packed-D24S8 
22:41:07: FBO PF_B8G8R8 depth/stencil support: D0S0 D0S1 D0S4 D0S8 D0S16 D16S0 D16S1 D16S4 D16S8 D16S16 D24S0 D24S1 D24S4 D24S8 D24S16 D32S0 D32S1 D32S4 D32S8 D32S16 Packed-D24S8 
22:41:07: FBO PF_A8R8G8B8 depth/stencil support: D0S0 D0S1 D0S4 D0S8 D0S16 D16S0 D16S1 D16S4 D16S8 D16S16 D24S0 D24S1 D24S4 D24S8 D24S16 D32S0 D32S1 D32S4 D32S8 D32S16 Packed-D24S8 
22:41:07: FBO PF_B8G8R8A8 depth/stencil support: D0S0 D0S1 D0S4 D0S8 D0S16 D16S0 D16S1 D16S4 D16S8 D16S16 D24S0 D24S1 D24S4 D24S8 D24S16 D32S0 D32S1 D32S4 D32S8 D32S16 Packed-D24S8 
22:41:07: FBO PF_A2R10G10B10 depth/stencil support: D0S0 D0S1 D0S4 D0S8 D0S16 D16S0 D16S1 D16S4 D16S8 D16S16 D24S0 D24S1 D24S4 D24S8 D24S16 D32S0 D32S1 D32S4 D32S8 D32S16 Packed-D24S8 
22:41:07: FBO PF_A2B10G10R10 depth/stencil support: D0S0 D0S1 D0S4 D0S8 D0S16 D16S0 D16S1 D16S4 D16S8 D16S16 D24S0 D24S1 D24S4 D24S8 D24S16 D32S0 D32S1 D32S4 D32S8 D32S16 Packed-D24S8 
22:41:07: FBO PF_FLOAT16_RGB depth/stencil support: D0S0 D0S1 D0S4 D0S8 D0S16 D16S0 D16S1 D16S4 D16S8 D16S16 D24S0 D24S1 D24S4 D24S8 D24S16 D32S0 D32S1 D32S4 D32S8 D32S16 Packed-D24S8 
22:41:07: FBO PF_FLOAT16_RGBA depth/stencil support: D0S0 D0S1 D0S4 D0S8 D0S16 D16S0 D16S1 D16S4 D16S8 D16S16 D24S0 D24S1 D24S4 D24S8 D24S16 D32S0 D32S1 D32S4 D32S8 D32S16 Packed-D24S8 
22:41:07: FBO PF_FLOAT32_RGBA depth/stencil support: D0S0 D0S1 D0S4 D0S8 D0S16 D16S0 D16S1 D16S4 D16S8 D16S16 D24S0 D24S1 D24S4 D24S8 D24S16 D32S0 D32S1 D32S4 D32S8 D32S16 Packed-D24S8 
22:41:07: FBO PF_X8R8G8B8 depth/stencil support: D0S0 D0S1 D0S4 D0S8 D0S16 D16S0 D16S1 D16S4 D16S8 D16S16 D24S0 D24S1 D24S4 D24S8 D24S16 D32S0 D32S1 D32S4 D32S8 D32S16 Packed-D24S8 
22:41:07: FBO PF_X8B8G8R8 depth/stencil support: D0S0 D0S1 D0S4 D0S8 D0S16 D16S0 D16S1 D16S4 D16S8 D16S16 D24S0 D24S1 D24S4 D24S8 D24S16 D32S0 D32S1 D32S4 D32S8 D32S16 Packed-D24S8 
22:41:07: FBO PF_SHORT_RGBA depth/stencil support: D0S0 D0S1 D0S4 D0S8 D0S16 D16S0 D16S1 D16S4 D16S8 D16S16 D24S0 D24S1 D24S4 D24S8 D24S16 D32S0 D32S1 D32S4 D32S8 D32S16 Packed-D24S8 
22:41:07: FBO PF_R3G3B2 depth/stencil support: D0S0 D0S1 D0S4 D0S8 D0S16 D16S0 D16S1 D16S4 D16S8 D16S16 D24S0 D24S1 D24S4 D24S8 D24S16 D32S0 D32S1 D32S4 D32S8 D32S16 Packed-D24S8 
22:41:07: FBO PF_FLOAT16_R depth/stencil support: D0S0 D0S1 D0S4 D0S8 D0S16 D16S0 D16S1 D16S4 D16S8 D16S16 D24S0 D24S1 D24S4 D24S8 D24S16 D32S0 D32S1 D32S4 D32S8 D32S16 Packed-D24S8 
22:41:07: FBO PF_FLOAT32_R depth/stencil support: D0S0 D0S1 D0S4 D0S8 D0S16 D16S0 D16S1 D16S4 D16S8 D16S16 D24S0 D24S1 D24S4 D24S8 D24S16 D32S0 D32S1 D32S4 D32S8 D32S16 Packed-D24S8 
22:41:07: FBO PF_SHORT_RGB depth/stencil support: D0S0 D0S1 D0S4 D0S8 D0S16 D16S0 D16S1 D16S4 D16S8 D16S16 D24S0 D24S1 D24S4 D24S8 D24S16 D32S0 D32S1 D32S4 D32S8 D32S16 Packed-D24S8 
22:41:07: [GL] : Valid FBO targets PF_UNKNOWN PF_L8 PF_L16 PF_A8 PF_R5G6B5 PF_B5G6R5 PF_A4R4G4B4 PF_A1R5G5B5 PF_R8G8B8 PF_B8G8R8 PF_A8R8G8B8 PF_B8G8R8A8 PF_A2R10G10B10 PF_A2B10G10R10 PF_FLOAT16_RGB PF_FLOAT16_RGBA PF_FLOAT32_RGBA PF_X8R8G8B8 PF_X8B8G8R8 PF_SHORT_RGBA PF_R3G3B2 PF_FLOAT16_R PF_FLOAT32_R PF_SHORT_RGB 
22:41:07: RenderSystem capabilities
22:41:07: -------------------------
22:41:07: RenderSystem Name: OpenGL Rendering Subsystem
22:41:07: GPU Vendor: intel
22:41:07: Device Name: Mesa DRI Intel(R) HD Graphics 620 (Kabylake GT2) 
22:41:07: Driver Version: 3.0.0.0
22:41:07:  * Fixed function pipeline: yes
22:41:07:  * Hardware generation of mipmaps: no
22:41:07:  * Texture blending: yes
22:41:07:  * Anisotropic texture filtering: yes
22:41:07:  * Dot product texture operation: yes
22:41:07:  * Cube mapping: yes
22:41:07:  * Hardware stencil buffer: yes
22:41:07:    - Stencil depth: 8
22:41:07:    - Two sided stencil support: yes
22:41:07:    - Wrap stencil values: yes
22:41:07:  * Hardware vertex / index buffers: yes
22:41:07:  * 32-bit index buffers: yes
22:41:07:  * Vertex programs: yes
22:41:07:  * Number of floating-point constants for vertex programs: 4096
22:41:07:  * Number of integer constants for vertex programs: 0
22:41:07:  * Number of boolean constants for vertex programs: 0
22:41:07:  * Fragment programs: yes
22:41:07:  * Number of floating-point constants for fragment programs: 4096
22:41:07:  * Number of integer constants for fragment programs: 0
22:41:07:  * Number of boolean constants for fragment programs: 0
22:41:07:  * Geometry programs: no
22:41:07:  * Number of floating-point constants for geometry programs: 0
22:41:07:  * Number of integer constants for geometry programs: 36296
22:41:07:  * Number of boolean constants for geometry programs: 63863
22:41:07:  * Tesselation Hull programs: no
22:41:07:  * Number of floating-point constants for tesselation hull programs: 13881
22:41:07:  * Number of integer constants for tesselation hull programs: 48
22:41:07:  * Number of boolean constants for tesselation hull programs: 0
22:41:07:  * Tesselation Domain programs: no
22:41:07:  * Number of floating-point constants for tesselation domain programs: 0
22:41:07:  * Number of integer constants for tesselation domain programs: 36392
22:41:07:  * Number of boolean constants for tesselation domain programs: 63863
22:41:07:  * Compute programs: no
22:41:07:  * Number of floating-point constants for compute programs: 32537
22:41:07:  * Number of integer constants for compute programs: 0
22:41:07:  * Number of boolean constants for compute programs: 11
22:41:07:  * Supported Shader Profiles: arbfp1 arbvp1 glsl glsl100 glsl110 glsl120
22:41:07:  * Texture Compression: yes
22:41:07:    - DXT: yes
22:41:07:    - VTC: no
22:41:07:    - PVRTC: no
22:41:07:    - ATC: no
22:41:07:    - ETC1: no
22:41:07:    - ETC2: no
22:41:07:    - BC4/BC5: no
22:41:07:    - BC6H/BC7: no
22:41:07:  * Scissor Rectangle: yes
22:41:07:  * Hardware Occlusion Query: yes
22:41:07:  * User clip planes: yes
22:41:07:  * VET_UBYTE4 vertex element type: yes
22:41:07:  * Infinite far plane projection: yes
22:41:07:  * Hardware render-to-texture: yes
22:41:07:  * Floating point textures: yes
22:41:07:  * Non-power-of-two textures: yes
22:41:07:  * 1d textures: yes
22:41:07:  * Volume textures: yes
22:41:07:  * Multiple Render Targets: 8
22:41:07:    - With different bit depths: yes
22:41:07:  * Point Sprites: yes
22:41:07:  * Extended point parameters: yes
22:41:07:  * Max Point Size: 255
22:41:07:  * Vertex texture fetch: yes
22:41:07:  * Number of world matrices: 0
22:41:07:  * Number of texture units: 16
22:41:07:  * Stencil buffer depth: 8
22:41:07:  * Number of vertex blend matrices: 0
22:41:07:    - Max vertex textures: 32
22:41:07:    - Vertex textures shared: yes
22:41:07:  * Render to Vertex Buffer : no
22:41:07:  * Hardware Atomic Counters: no
22:41:07:  * GL 1.5 without VBO workaround: no
22:41:07:  * Frame Buffer objects: yes
22:41:07:  * Frame Buffer objects (ARB extension): no
22:41:07:  * Frame Buffer objects (ATI extension): no
22:41:07:  * PBuffer support: yes
22:41:07:  * GL 1.5 without HW-occlusion workaround: no
22:41:07:  * Vertex Array Objects: no
22:41:07:  * Separate shader objects: no
22:41:07: DefaultWorkQueue('Root') initialising on thread 7f19f986c800.
22:41:07: DefaultWorkQueue('Root')::WorkerFunc - thread 7f19ea51c700 starting.
22:41:07: DefaultWorkQueue('Root')::WorkerFunc - thread 7f19e9d1b700 starting.
22:41:07: DefaultWorkQueue('Root')::WorkerFunc - thread 7f19e8d19700 starting.
22:41:07: Particle Renderer Type 'billboard' registered
22:41:07: SceneManagerFactory for type 'BspSceneManager' registered.
22:41:07: Registering ResourceManager for type BspLevel
22:41:07: DefaultWorkQueue('Root')::WorkerFunc - thread 7f19e951a700 starting.
22:41:07: SceneManagerFactory for type 'PCZSceneManager' registered.
22:41:07: MovableObjectFactory for type 'PCZLight' registered.
22:41:07: MovableObjectFactory for type 'Portal' registered.
22:41:07: MovableObjectFactory for type 'AntiPortal' registered.
22:41:07: PCZone Factory Type 'ZoneType_Octree' registered
22:41:07: SceneManagerFactory for type 'OctreeSceneManager' registered.
22:41:07: OverlayElementFactory for type Panel registered.
22:41:07: OverlayElementFactory for type BorderPanel registered.
22:41:07: OverlayElementFactory for type TextArea registered.
22:41:07: Registering ResourceManager for type Font
22:41:07: Parsing scripts for resource group Autodetect
22:41:07: Finished parsing scripts for resource group Autodetect
22:41:07: Creating resources for group Autodetect
22:41:07: All done
22:41:07: Parsing scripts for resource group Essential
22:41:07: Parsing script SdkTrays.material
22:41:07: Parsing script SdkTrays.fontdef
22:41:07: Parsing script SdkTrays.overlay
22:41:07: Bad element attribute line: '# you can offset the image to change the cursor "hotspot"' for element SdkTrays/Cursor in overlay 
22:41:07: Texture: sdk_cursor.png: Loading 1 faces(PF_A8R8G8B8,32x32x1) with 5 generated mipmaps from Image. Internal format is PF_A8R8G8B8,32x32x1.
22:41:07: Texture: sdk_tray.png: Loading 1 faces(PF_A8R8G8B8,64x64x1) with 5 generated mipmaps from Image. Internal format is PF_A8R8G8B8,64x64x1.
22:41:07: Texture: sdk_button_up.png: Loading 1 faces(PF_A8R8G8B8,128x32x1) with 5 generated mipmaps from Image. Internal format is PF_A8R8G8B8,128x32x1.
22:41:07: Texture: sdk_text_box.png: Loading 1 faces(PF_A8R8G8B8,32x32x1) with 5 generated mipmaps from Image. Internal format is PF_A8R8G8B8,32x32x1.
22:41:07: Texture: sdk_mini_tray.png: Loading 1 faces(PF_A8R8G8B8,32x32x1) with 5 generated mipmaps from Image. Internal format is PF_A8R8G8B8,32x32x1.
22:41:07: Texture: sdk_track.png: Loading 1 faces(PF_A8R8G8B8,16x32x1) with 5 generated mipmaps from Image. Internal format is PF_A8R8G8B8,16x32x1.
22:41:07: Texture: sdk_handle.png: Loading 1 faces(PF_A8R8G8B8,16x16x1) with 4 generated mipmaps from Image. Internal format is PF_A8R8G8B8,16x16x1.
22:41:07: Texture: sdk_mini_text_box.png: Loading 1 faces(PF_A8R8G8B8,32x32x1) with 5 generated mipmaps from Image. Internal format is PF_A8R8G8B8,32x32x1.
22:41:07: Texture: sdk_label.png: Loading 1 faces(PF_A8R8G8B8,32x32x1) with 5 generated mipmaps from Image. Internal format is PF_A8R8G8B8,32x32x1.
22:41:07: Texture: sdk_separator.png: Loading 1 faces(PF_A8R8G8B8,64x16x1) with 5 generated mipmaps from Image. Internal format is PF_A8R8G8B8,64x16x1.
22:41:07: Texture: sdk_logo.png: Loading 1 faces(PF_A8R8G8B8,128x64x1) with 5 generated mipmaps from Image. Internal format is PF_A8R8G8B8,128x64x1.
22:41:07: Texture: sdk_shade.png: Loading 1 faces(PF_A8R8G8B8,64x48x1) with 5 generated mipmaps from Image. Internal format is PF_A8R8G8B8,64x48x1.
22:41:07: Texture: sdk_frame.png: Loading 1 faces(PF_A8R8G8B8,32x32x1) with 5 generated mipmaps from Image. Internal format is PF_A8R8G8B8,32x32x1.
22:41:07: Texture: sdk_mini_text_box_over.png: Loading 1 faces(PF_A8R8G8B8,32x32x1) with 5 generated mipmaps from Image. Internal format is PF_A8R8G8B8,32x32x1.
22:41:07: Texture: sdk_pulse.png: Loading 1 faces(PF_R8G8B8,8x1x1) with 3 generated mipmaps from Image. Internal format is PF_X8R8G8B8,8x1x1.
22:41:07: Finished parsing scripts for resource group Essential
22:41:07: Creating resources for group Essential
22:41:07: All done
22:41:07: Parsing scripts for resource group General
22:41:07: Parsing script Examples.material
22:41:07: Compiler error: reference to a non existing object in Examples.material(353)
22:41:07: OGRE EXCEPTION(6:FileNotFoundException): Cannot locate resource hdr.cg in resource group General or any other group. in ResourceGroupManager::openResource at /home/navin/ogre/OgreMain/src/OgreResourceGroupManager.cpp (line 756)
22:41:07: High-level program Examples/MorningSkyBoxHDRfpCg encountered an error during loading and is thus not supported.
OGRE EXCEPTION(6:FileNotFoundException): Cannot locate resource hdr.cg in resource group General or any other group. in ResourceGroupManager::openResource at /home/navin/ogre/OgreMain/src/OgreResourceGroupManager.cpp (line 756)
22:41:07: OGRE EXCEPTION(6:FileNotFoundException): Cannot locate resource hdr.cg in resource group General or any other group. in ResourceGroupManager::openResource at /home/navin/ogre/OgreMain/src/OgreResourceGroupManager.cpp (line 756)
22:41:07: High-level program Examples/MorningCubeMapHDRfp encountered an error during loading and is thus not supported.
OGRE EXCEPTION(6:FileNotFoundException): Cannot locate resource hdr.cg in resource group General or any other group. in ResourceGroupManager::openResource at /home/navin/ogre/OgreMain/src/OgreResourceGroupManager.cpp (line 756)
22:41:07: Compiler error: reference to a non existing object in Examples.material(872)
22:41:07: Compiler error: reference to a non existing object in Examples.material(884)
22:41:07: OGRE EXCEPTION(6:FileNotFoundException): Cannot locate resource Grass.cg in resource group General or any other group. in ResourceGroupManager::openResource at /home/navin/ogre/OgreMain/src/OgreResourceGroupManager.cpp (line 756)
22:41:07: High-level program Examples/GrassWaverVpCg encountered an error during loading and is thus not supported.
OGRE EXCEPTION(6:FileNotFoundException): Cannot locate resource Grass.cg in resource group General or any other group. in ResourceGroupManager::openResource at /home/navin/ogre/OgreMain/src/OgreResourceGroupManager.cpp (line 756)
22:41:07: OGRE EXCEPTION(2:InvalidParametersException): Named constants have not been initialised, perhaps a compile error. in GpuProgramParameters::_findNamedConstantDefinition at /home/navin/ogre/OgreMain/src/OgreGpuProgramParams.cpp (line 1709)
22:41:07: Compiler error: invalid parameters in Examples.material(934): setting of constant failed
22:41:07: OGRE EXCEPTION(2:InvalidParametersException): Named constants have not been initialised, perhaps a compile error. in GpuProgramParameters::_findNamedConstantDefinition at /home/navin/ogre/OgreMain/src/OgreGpuProgramParams.cpp (line 1709)
22:41:07: Compiler error: invalid parameters in Examples.material(938): setting of constant failed
22:41:07: OGRE EXCEPTION(2:InvalidParametersException): Named constants have not been initialised, perhaps a compile error. in GpuProgramParameters::_findNamedConstantDefinition at /home/navin/ogre/OgreMain/src/OgreGpuProgramParams.cpp (line 1709)
22:41:07: Compiler error: invalid parameters in Examples.material(939): setting of constant failed
22:41:07: OGRE EXCEPTION(2:InvalidParametersException): Named constants have not been initialised, perhaps a compile error. in GpuProgramParameters::_findNamedConstantDefinition at /home/navin/ogre/OgreMain/src/OgreGpuProgramParams.cpp (line 1709)
22:41:07: Compiler error: invalid parameters in Examples.material(940): setting of constant failed
22:41:07: OGRE EXCEPTION(2:InvalidParametersException): Named constants have not been initialised, perhaps a compile error. in GpuProgramParameters::_findNamedConstantDefinition at /home/navin/ogre/OgreMain/src/OgreGpuProgramParams.cpp (line 1709)
22:41:07: Compiler error: invalid parameters in Examples.material(942): setting of constant failed
22:41:07: OGRE EXCEPTION(6:FileNotFoundException): Cannot locate resource Grass.cg in resource group General or any other group. in ResourceGroupManager::openResource at /home/navin/ogre/OgreMain/src/OgreResourceGroupManager.cpp (line 756)
22:41:07: High-level program Examples/GrassWaverTexVpCg encountered an error during loading and is thus not supported.
OGRE EXCEPTION(6:FileNotFoundException): Cannot locate resource Grass.cg in resource group General or any other group. in ResourceGroupManager::openResource at /home/navin/ogre/OgreMain/src/OgreResourceGroupManager.cpp (line 756)
22:41:07: OGRE EXCEPTION(2:InvalidParametersException): Named constants have not been initialised, perhaps a compile error. in GpuProgramParameters::_findNamedConstantDefinition at /home/navin/ogre/OgreMain/src/OgreGpuProgramParams.cpp (line 1709)
22:41:07: Compiler error: invalid parameters in Examples.material(954): setting of constant failed
22:41:07: OGRE EXCEPTION(2:InvalidParametersException): Named constants have not been initialised, perhaps a compile error. in GpuProgramParameters::_findNamedConstantDefinition at /home/navin/ogre/OgreMain/src/OgreGpuProgramParams.cpp (line 1709)
22:41:07: Compiler error: invalid parameters in Examples.material(955): setting of constant failed
22:41:07: OGRE EXCEPTION(6:FileNotFoundException): Cannot locate resource Grass.cg in resource group General or any other group. in ResourceGroupManager::openResource at /home/navin/ogre/OgreMain/src/OgreResourceGroupManager.cpp (line 756)
22:41:07: High-level program Examples/GrassWaverAmbientVpCg encountered an error during loading and is thus not supported.
OGRE EXCEPTION(6:FileNotFoundException): Cannot locate resource Grass.cg in resource group General or any other group. in ResourceGroupManager::openResource at /home/navin/ogre/OgreMain/src/OgreResourceGroupManager.cpp (line 756)
22:41:07: OGRE EXCEPTION(2:InvalidParametersException): Named constants have not been initialised, perhaps a compile error. in GpuProgramParameters::_findNamedConstantDefinition at /home/navin/ogre/OgreMain/src/OgreGpuProgramParams.cpp (line 1709)
22:41:07: Compiler error: invalid parameters in Examples.material(966): setting of constant failed
22:41:07: OGRE EXCEPTION(2:InvalidParametersException): Named constants have not been initialised, perhaps a compile error. in GpuProgramParameters::_findNamedConstantDefinition at /home/navin/ogre/OgreMain/src/OgreGpuProgramParams.cpp (line 1709)
22:41:07: Compiler error: invalid parameters in Examples.material(967): setting of constant failed
22:41:07: OGRE EXCEPTION(2:InvalidParametersException): Named constants have not been initialised, perhaps a compile error. in GpuProgramParameters::_findNamedConstantDefinition at /home/navin/ogre/OgreMain/src/OgreGpuProgramParams.cpp (line 1709)
22:41:07: Compiler error: invalid parameters in Examples.material(968): setting of constant failed
22:41:07: OGRE EXCEPTION(6:FileNotFoundException): Cannot locate resource Grass.cg in resource group General or any other group. in ResourceGroupManager::openResource at /home/navin/ogre/OgreMain/src/OgreResourceGroupManager.cpp (line 756)
22:41:07: High-level program Examples/GrassWaverAmbientFpCg encountered an error during loading and is thus not supported.
OGRE EXCEPTION(6:FileNotFoundException): Cannot locate resource Grass.cg in resource group General or any other group. in ResourceGroupManager::openResource at /home/navin/ogre/OgreMain/src/OgreResourceGroupManager.cpp (line 756)
22:41:07: OGRE EXCEPTION(6:FileNotFoundException): Cannot locate resource Grass.cg in resource group General or any other group. in ResourceGroupManager::openResource at /home/navin/ogre/OgreMain/src/OgreResourceGroupManager.cpp (line 756)
22:41:07: High-level program Examples/GrassWaverFpCg encountered an error during loading and is thus not supported.
OGRE EXCEPTION(6:FileNotFoundException): Cannot locate resource Grass.cg in resource group General or any other group. in ResourceGroupManager::openResource at /home/navin/ogre/OgreMain/src/OgreResourceGroupManager.cpp (line 756)
22:41:07: OGRE EXCEPTION(6:FileNotFoundException): Cannot locate resource Grass.cg in resource group General or any other group. in ResourceGroupManager::openResource at /home/navin/ogre/OgreMain/src/OgreResourceGroupManager.cpp (line 756)
22:41:07: High-level program Examples/GrassWaverCasterVpCg encountered an error during loading and is thus not supported.
OGRE EXCEPTION(6:FileNotFoundException): Cannot locate resource Grass.cg in resource group General or any other group. in ResourceGroupManager::openResource at /home/navin/ogre/OgreMain/src/OgreResourceGroupManager.cpp (line 756)
22:41:07: OGRE EXCEPTION(2:InvalidParametersException): Named constants have not been initialised, perhaps a compile error. in GpuProgramParameters::_findNamedConstantDefinition at /home/navin/ogre/OgreMain/src/OgreGpuProgramParams.cpp (line 1709)
22:41:07: Compiler error: invalid parameters in Examples.material(998): setting of constant failed
22:41:07: OGRE EXCEPTION(2:InvalidParametersException): Named constants have not been initialised, perhaps a compile error. in GpuProgramParameters::_findNamedConstantDefinition at /home/navin/ogre/OgreMain/src/OgreGpuProgramParams.cpp (line 1709)
22:41:07: Compiler error: invalid parameters in Examples.material(999): setting of constant failed
22:41:07: OGRE EXCEPTION(2:InvalidParametersException): Named constants have not been initialised, perhaps a compile error. in GpuProgramParameters::_findNamedConstantDefinition at /home/navin/ogre/OgreMain/src/OgreGpuProgramParams.cpp (line 1709)
22:41:07: Compiler error: invalid parameters in Examples.material(1000): setting of constant failed
22:41:07: OGRE EXCEPTION(6:FileNotFoundException): Cannot locate resource Grass.cg in resource group General or any other group. in ResourceGroupManager::openResource at /home/navin/ogre/OgreMain/src/OgreResourceGroupManager.cpp (line 756)
22:41:07: High-level program Examples/GrassWaverCasterFpCg encountered an error during loading and is thus not supported.
OGRE EXCEPTION(6:FileNotFoundException): Cannot locate resource Grass.cg in resource group General or any other group. in ResourceGroupManager::openResource at /home/navin/ogre/OgreMain/src/OgreResourceGroupManager.cpp (line 756)
22:41:07: OGRE EXCEPTION(6:FileNotFoundException): Cannot locate resource Grass.cg in resource group General or any other group. in ResourceGroupManager::openResource at /home/navin/ogre/OgreMain/src/OgreResourceGroupManager.cpp (line 756)
22:41:07: High-level program Examples/GrassWaverReceiverVpCg encountered an error during loading and is thus not supported.
OGRE EXCEPTION(6:FileNotFoundException): Cannot locate resource Grass.cg in resource group General or any other group. in ResourceGroupManager::openResource at /home/navin/ogre/OgreMain/src/OgreResourceGroupManager.cpp (line 756)
22:41:07: OGRE EXCEPTION(2:InvalidParametersException): Named constants have not been initialised, perhaps a compile error. in GpuProgramParameters::_findNamedConstantDefinition at /home/navin/ogre/OgreMain/src/OgreGpuProgramParams.cpp (line 1709)
22:41:07: Compiler error: invalid parameters in Examples.material(1021): setting of constant failed
22:41:07: OGRE EXCEPTION(2:InvalidParametersException): Named constants have not been initialised, perhaps a compile error. in GpuProgramParameters::_findNamedConstantDefinition at /home/navin/ogre/OgreMain/src/OgreGpuProgramParams.cpp (line 1709)
22:41:07: Compiler error: invalid parameters in Examples.material(1022): setting of constant failed
22:41:07: OGRE EXCEPTION(2:InvalidParametersException): Named constants have not been initialised, perhaps a compile error. in GpuProgramParameters::_findNamedConstantDefinition at /home/navin/ogre/OgreMain/src/OgreGpuProgramParams.cpp (line 1709)
22:41:07: Compiler error: invalid parameters in Examples.material(1023): setting of constant failed
22:41:07: OGRE EXCEPTION(2:InvalidParametersException): Named constants have not been initialised, perhaps a compile error. in GpuProgramParameters::_findNamedConstantDefinition at /home/navin/ogre/OgreMain/src/OgreGpuProgramParams.cpp (line 1709)
22:41:07: Compiler error: invalid parameters in Examples.material(1025): setting of constant failed
22:41:07: OGRE EXCEPTION(2:InvalidParametersException): Named constants have not been initialised, perhaps a compile error. in GpuProgramParameters::_findNamedConstantDefinition at /home/navin/ogre/OgreMain/src/OgreGpuProgramParams.cpp (line 1709)
22:41:07: Compiler error: invalid parameters in Examples.material(1027): setting of constant failed
22:41:07: OGRE EXCEPTION(2:InvalidParametersException): Named constants have not been initialised, perhaps a compile error. in GpuProgramParameters::_findNamedConstantDefinition at /home/navin/ogre/OgreMain/src/OgreGpuProgramParams.cpp (line 1709)
22:41:07: Compiler error: invalid parameters in Examples.material(1028): setting of constant failed
22:41:07: OGRE EXCEPTION(2:InvalidParametersException): Named constants have not been initialised, perhaps a compile error. in GpuProgramParameters::_findNamedConstantDefinition at /home/navin/ogre/OgreMain/src/OgreGpuProgramParams.cpp (line 1709)
22:41:07: Compiler error: invalid parameters in Examples.material(1030): setting of constant failed
22:41:07: OGRE EXCEPTION(6:FileNotFoundException): Cannot locate resource Grass.cg in resource group General or any other group. in ResourceGroupManager::openResource at /home/navin/ogre/OgreMain/src/OgreResourceGroupManager.cpp (line 756)
22:41:07: High-level program Examples/GrassWaverReceiverFpCg encountered an error during loading and is thus not supported.
OGRE EXCEPTION(6:FileNotFoundException): Cannot locate resource Grass.cg in resource group General or any other group. in ResourceGroupManager::openResource at /home/navin/ogre/OgreMain/src/OgreResourceGroupManager.cpp (line 756)
22:41:07: OGRE EXCEPTION(2:InvalidParametersException): Named constants have not been initialised, perhaps a compile error. in GpuProgramParameters::_findNamedConstantDefinition at /home/navin/ogre/OgreMain/src/OgreGpuProgramParams.cpp (line 1709)
22:41:07: Compiler error: invalid parameters in Examples.material(1044): setting of constant failed
22:41:07: OGRE EXCEPTION(2:InvalidParametersException): Named constants have not been initialised, perhaps a compile error. in GpuProgramParameters::_findNamedConstantDefinition at /home/navin/ogre/OgreMain/src/OgreGpuProgramParams.cpp (line 1709)
22:41:07: Compiler error: invalid parameters in Examples.material(1045): setting of constant failed
22:41:07: OGRE EXCEPTION(2:InvalidParametersException): Named constants have not been initialised, perhaps a compile error. in GpuProgramParameters::_findNamedConstantDefinition at /home/navin/ogre/OgreMain/src/OgreGpuProgramParams.cpp (line 1709)
22:41:07: Compiler error: invalid parameters in Examples.material(1046): setting of constant failed
22:41:07: Compiler error: reference to a non existing object in Examples.material(1811)
22:41:07: Compiler error: reference to a non existing object in Examples.material(1814)
22:41:07: Compiler error: reference to a non existing object in Examples.material(2005)
22:41:07: Compiler error: reference to a non existing object in Examples.material(2009)
22:41:07: Compiler error: reference to a non existing object in Examples.material(2030)
22:41:07: Compiler error: reference to a non existing object in Examples.material(2034)
22:41:07: Compiler error: reference to a non existing object in Examples.material(2056)
22:41:07: Compiler error: reference to a non existing object in Examples.material(2060)
22:41:07: Compiler error: reference to a non existing object in Examples.material(2081)
22:41:07: Compiler error: reference to a non existing object in Examples.material(2085)
22:41:07: Compiler error: reference to a non existing object in Examples.material(2180)
22:41:07: Compiler error: reference to a non existing object in Examples.material(2185)
22:41:07: Compiler error: reference to a non existing object in Examples.material(2191)
22:41:07: OGRE EXCEPTION(6:FileNotFoundException): Cannot locate resource Example_Basic.cg in resource group General or any other group. in ResourceGroupManager::openResource at /home/navin/ogre/OgreMain/src/OgreResourceGroupManager.cpp (line 756)
22:41:07: High-level program Examples/ShowTangents_vCg encountered an error during loading and is thus not supported.
OGRE EXCEPTION(6:FileNotFoundException): Cannot locate resource Example_Basic.cg in resource group General or any other group. in ResourceGroupManager::openResource at /home/navin/ogre/OgreMain/src/OgreResourceGroupManager.cpp (line 756)
22:41:07: OGRE EXCEPTION(2:InvalidParametersException): Named constants have not been initialised, perhaps a compile error. in GpuProgramParameters::_findNamedConstantDefinition at /home/navin/ogre/OgreMain/src/OgreGpuProgramParams.cpp (line 1709)
22:41:07: Compiler error: invalid parameters in Examples.material(2335): setting of constant failed
22:41:07: OGRE EXCEPTION(6:FileNotFoundException): Cannot locate resource Example_Basic.cg in resource group General or any other group. in ResourceGroupManager::openResource at /home/navin/ogre/OgreMain/src/OgreResourceGroupManager.cpp (line 756)
22:41:07: High-level program Examples/ShowNormals_vCg encountered an error during loading and is thus not supported.
OGRE EXCEPTION(6:FileNotFoundException): Cannot locate resource Example_Basic.cg in resource group General or any other group. in ResourceGroupManager::openResource at /home/navin/ogre/OgreMain/src/OgreResourceGroupManager.cpp (line 756)
22:41:07: OGRE EXCEPTION(2:InvalidParametersException): Named constants have not been initialised, perhaps a compile error. in GpuProgramParameters::_findNamedConstantDefinition at /home/navin/ogre/OgreMain/src/OgreGpuProgramParams.cpp (line 1709)
22:41:07: Compiler error: invalid parameters in Examples.material(2397): setting of constant failed
22:41:07: Compiler error: reference to a non existing object in Examples.material(2458)
22:41:07: OGRE EXCEPTION(6:FileNotFoundException): Cannot locate resource Example_Basic.cg in resource group General or any other group. in ResourceGroupManager::openResource at /home/navin/ogre/OgreMain/src/OgreResourceGroupManager.cpp (line 756)
22:41:07: High-level program Examples/ShowUV_pCg encountered an error during loading and is thus not supported.
OGRE EXCEPTION(6:FileNotFoundException): Cannot locate resource Example_Basic.cg in resource group General or any other group. in ResourceGroupManager::openResource at /home/navin/ogre/OgreMain/src/OgreResourceGroupManager.cpp (line 756)
22:41:07: Compiler error: reference to a non existing object in Examples.material(2472)
22:41:07: OGRE EXCEPTION(6:FileNotFoundException): Cannot locate resource Example_Basic.cg in resource group General or any other group. in ResourceGroupManager::openResource at /home/navin/ogre/OgreMain/src/OgreResourceGroupManager.cpp (line 756)
22:41:07: High-level program Examples/ShowUVdir3D_pCg encountered an error during loading and is thus not supported.
OGRE EXCEPTION(6:FileNotFoundException): Cannot locate resource Example_Basic.cg in resource group General or any other group. in ResourceGroupManager::openResource at /home/navin/ogre/OgreMain/src/OgreResourceGroupManager.cpp (line 756)
22:41:07: Parsing script Ogre.material
22:41:07: Finished parsing scripts for resource group General
22:41:07: Creating resources for group General
22:41:07: All done
22:41:07: Parsing scripts for resource group Internal
22:41:07: Finished parsing scripts for resource group Internal
22:41:07: Creating resources for group Internal
22:41:07: All done
22:41:07: Can't assign material ocean2-HLSL_GLSL to SubEntity of Ogre/MO1 because this Material does not exist. Have you forgotten to define it in a .material script?
22:41:07: Mesh: Loading alienship.mesh.
22:41:07: WARNING: alienship.mesh is an older format ([MeshSerializer_v1.40]); you should upgrade it as soon as possible using the OgreMeshUpgrade tool.
22:41:07: Can't assign material al-1 to SubEntity of Ogre/MO2 because this Material does not exist. Have you forgotten to define it in a .material script?
22:41:07: Texture: 5.png: Loading 1 faces(PF_R8G8B8,300x140x1) with 5 generated mipmaps from Image. Internal format is PF_X8R8G8B8,300x140x1.
22:41:07: Mesh: Loading cigarette.mesh.
22:41:07: WARNING: cigarette.mesh is an older format ([MeshSerializer_v1.40]); you should upgrade it as soon as possible using the OgreMeshUpgrade tool.
22:41:07: Can't assign material SOLID/TEX/ecslHorizontal.bmp to SubEntity of Ogre/MO3 because this Material does not exist. Have you forgotten to define it in a .material script?
22:41:07: Mesh: Loading ddg51.mesh.
22:41:07: WARNING: ddg51.mesh is an older format ([MeshSerializer_v1.40]); you should upgrade it as soon as possible using the OgreMeshUpgrade tool.
22:41:07: Can't assign material C000015/SOLID/TEX/ecslHorizontal.bmp to SubEntity of Ogre/MO4 because this Material does not exist. Have you forgotten to define it in a .material script?
22:41:07: Can't assign material C000018/SOLID/TEX/ecslHorizontal.bmp to SubEntity of Ogre/MO4 because this Material does not exist. Have you forgotten to define it in a .material script?
22:41:07: Can't assign material C000013/SOLID/TEX/ecslHorizontal.bmp to SubEntity of Ogre/MO4 because this Material does not exist. Have you forgotten to define it in a .material script?
22:41:07: Can't assign material C000016/SOLID/TEX/ecslHorizontal.bmp to SubEntity of Ogre/MO4 because this Material does not exist. Have you forgotten to define it in a .material script?
22:41:07: Can't assign material C000005/SOLID/TEX/ecslHorizontal.bmp to SubEntity of Ogre/MO4 because this Material does not exist. Have you forgotten to define it in a .material script?
22:41:07: Can't assign material C000011/SOLID/TEX/ecslHorizontal.bmp to SubEntity of Ogre/MO4 because this Material does not exist. Have you forgotten to define it in a .material script?
22:41:07: Can't assign material C000017/SOLID/TEX/ecslHorizontal.bmp to SubEntity of Ogre/MO4 because this Material does not exist. Have you forgotten to define it in a .material script?
22:41:07: Can't assign material C000004/SOLID/TEX/ecslHorizontal.bmp to SubEntity of Ogre/MO4 because this Material does not exist. Have you forgotten to define it in a .material script?
22:41:07: Can't assign material C000003/SOLID/TEX/ecslHorizontal.bmp to SubEntity of Ogre/MO4 because this Material does not exist. Have you forgotten to define it in a .material script?
22:41:07: Can't assign material C000002/SOLID/TEX/ecslHorizontal.bmp to SubEntity of Ogre/MO4 because this Material does not exist. Have you forgotten to define it in a .material script?
22:41:07: Can't assign material C000012/SOLID/TEX/ecslHorizontal.bmp to SubEntity of Ogre/MO4 because this Material does not exist. Have you forgotten to define it in a .material script?
22:41:07: Can't assign material C000000/SOLID/TEX/ecslHorizontal.bmp to SubEntity of Ogre/MO4 because this Material does not exist. Have you forgotten to define it in a .material script?
22:41:07: Can't assign material C000007/SOLID/TEX/ecslHorizontal.bmp to SubEntity of Ogre/MO4 because this Material does not exist. Have you forgotten to define it in a .material script?
22:41:07: Can't assign material C000006/SOLID/TEX/ecslHorizontal.bmp to SubEntity of Ogre/MO4 because this Material does not exist. Have you forgotten to define it in a .material script?
22:41:07: Can't assign material Deck/SOLID/TEX/ecslHorizontal.bmp to SubEntity of Ogre/MO4 because this Material does not exist. Have you forgotten to define it in a .material script?
22:41:07: Texture: 3.png: Loading 1 faces(PF_R8G8B8,128x128x1) with 5 generated mipmaps from Image. Internal format is PF_X8R8G8B8,128x128x1.
22:41:07: Mesh: Loading cvn68.mesh.
22:41:07: WARNING: cvn68.mesh is an older format ([MeshSerializer_v1.40]); you should upgrade it as soon as possible using the OgreMeshUpgrade tool.
22:41:07: Can't assign material DECK_WHITE/SOLID/TEX/ecslDark.bmp/VertCol to SubEntity of Ogre/MO5 because this Material does not exist. Have you forgotten to define it in a .material script?
22:41:07: Can't assign material RED/SOLID/TEX/ecslDark.bmp/VertCol to SubEntity of Ogre/MO5 because this Material does not exist. Have you forgotten to define it in a .material script?
22:41:07: Can't assign material WHITE/SOLID/TEX/ecslDark.bmp/VertCol to SubEntity of Ogre/MO5 because this Material does not exist. Have you forgotten to define it in a .material script?
22:41:07: Can't assign material ATT_ARRAY/SOLID/TEX/ecslDark.bmp/VertCol to SubEntity of Ogre/MO5 because this Material does not exist. Have you forgotten to define it in a .material script?
22:41:07: Can't assign material PADSBOX211/SOLID/TEX/ecslDark.bmp/VertCol to SubEntity of Ogre/MO5 because this Material does not exist. Have you forgotten to define it in a .material script?
22:41:07: Can't assign material DEF_4/SOLID/TEX/ecslDark.bmp/VertCol to SubEntity of Ogre/MO5 because this Material does not exist. Have you forgotten to define it in a .material script?
22:41:07: Can't assign material CLUTTER/SOLID/TEX/ecslDark.bmp/VertCol to SubEntity of Ogre/MO5 because this Material does not exist. Have you forgotten to define it in a .material script?
22:41:07: Can't assign material DEF_2/SOLID/TEX/ecslDark.bmp/VertCol to SubEntity of Ogre/MO5 because this Material does not exist. Have you forgotten to define it in a .material script?
22:41:07: Can't assign material YELLOW/SOLID/TEX/ecslDark.bmp/VertCol to SubEntity of Ogre/MO5 because this Material does not exist. Have you forgotten to define it in a .material script?
22:41:07: Can't assign material DEF_1/SOLID/TEX/ecslDark.bmp/VertCol to SubEntity of Ogre/MO5 because this Material does not exist. Have you forgotten to define it in a .material script?
22:41:07: Can't assign material FLIGHT-DECK/SOLID/TEX/ecslDark.bmp/VertCol to SubEntity of Ogre/MO5 because this Material does not exist. Have you forgotten to define it in a .material script?
22:41:07: Can't assign material HULL/SOLID/TEX/ecslDark.bmp/VertCol to SubEntity of Ogre/MO5 because this Material does not exist. Have you forgotten to define it in a .material script?
22:41:07: Can't assign material CAT-TRACK/SOLID/TEX/ecslDark.bmp/VertCol to SubEntity of Ogre/MO5 because this Material does not exist. Have you forgotten to define it in a .material script?
22:41:07: Texture: 4.png: Loading 1 faces(PF_R8G8B8,256x256x1) with 5 generated mipmaps from Image. Internal format is PF_X8R8G8B8,256x256x1.
22:41:07: Mesh: Loading sleek.mesh.
22:41:07: WARNING: sleek.mesh is an older format ([MeshSerializer_v1.40]); you should upgrade it as soon as possible using the OgreMeshUpgrade tool.
22:41:07: Can't assign material DD21-Cabin-X/SOLID/TEX/ecsl.bmp to SubEntity of Ogre/MO6 because this Material does not exist. Have you forgotten to define it in a .material script?
22:41:07: Can't assign material DD21-Cabin-Cubic/SOLID/TEX/ecsl.bmp to SubEntity of Ogre/MO6 because this Material does not exist. Have you forgotten to define it in a .material script?
22:41:07: Can't assign material DD21-Arrays/SOLID/TEX/ecsl.bmp to SubEntity of Ogre/MO6 because this Material does not exist. Have you forgotten to define it in a .material script?
22:41:07: Can't assign material DD21-Helo-Deck/SOLID/TEX/ecsl.bmp to SubEntity of Ogre/MO6 because this Material does not exist. Have you forgotten to define it in a .material script?
22:41:07: Can't assign material DD21-Main-Rim/SOLID/TEX/ecsl.bmp to SubEntity of Ogre/MO6 because this Material does not exist. Have you forgotten to define it in a .material script?
22:41:07: Can't assign material DD21-Main-Deck/SOLID/TEX/ecsl.bmp to SubEntity of Ogre/MO6 because this Material does not exist. Have you forgotten to define it in a .material script?
22:41:07: Can't assign material DD21-Pipe/SOLID/TEX/ecsl.bmp to SubEntity of Ogre/MO6 because this Material does not exist. Have you forgotten to define it in a .material script?
22:41:07: Can't assign material DD21-Cabin-Z/SOLID/TEX/ecsl.bmp to SubEntity of Ogre/MO6 because this Material does not exist. Have you forgotten to define it in a .material script?
22:41:07: Can't assign material DD21-Dark-Hatche/SOLID/TEX/ecsl.bmp to SubEntity of Ogre/MO6 because this Material does not exist. Have you forgotten to define it in a .material script?
22:41:07: Can't assign material DD21-Main-Hull/SOLID/TEX/ecsl.bmp to SubEntity of Ogre/MO6 because this Material does not exist. Have you forgotten to define it in a .material script?
22:41:07: Can't assign material DD21-White/SOLID/TEX/ecsl.bmp to SubEntity of Ogre/MO6 because this Material does not exist. Have you forgotten to define it in a .material script?
22:41:07: Texture: 2.png: Loading 1 faces(PF_R8G8B8,128x128x1) with 5 generated mipmaps from Image. Internal format is PF_X8R8G8B8,128x128x1.
22:41:07: *** Initializing OIS ***
22:41:08: Font SdkTrays/Caption using texture size 512x256
22:41:08: Info: Freetype returned null for character 160 in font SdkTrays/Caption
22:41:08: Texture: SdkTrays/CaptionTexture: Loading 1 faces(PF_BYTE_LA,512x256x1) with 0 generated mipmaps from Image. Internal format is PF_BYTE_LA,512x256x1.
22:41:08: Font SdkTrays/Value using texture size 512x256
22:41:08: Info: Freetype returned null for character 127 in font SdkTrays/Value
22:41:08: Info: Freetype returned null for character 128 in font SdkTrays/Value
22:41:08: Info: Freetype returned null for character 129 in font SdkTrays/Value
22:41:08: Info: Freetype returned null for character 130 in font SdkTrays/Value
22:41:08: Info: Freetype returned null for character 131 in font SdkTrays/Value
22:41:08: Info: Freetype returned null for character 132 in font SdkTrays/Value
22:41:08: Info: Freetype returned null for character 133 in font SdkTrays/Value
22:41:08: Info: Freetype returned null for character 134 in font SdkTrays/Value
22:41:08: Info: Freetype returned null for character 135 in font SdkTrays/Value
22:41:08: Info: Freetype returned null for character 136 in font SdkTrays/Value
22:41:08: Info: Freetype returned null for character 137 in font SdkTrays/Value
22:41:08: Info: Freetype returned null for character 138 in font SdkTrays/Value
22:41:08: Info: Freetype returned null for character 139 in font SdkTrays/Value
22:41:08: Info: Freetype returned null for character 140 in font SdkTrays/Value
22:41:08: Info: Freetype returned null for character 141 in font SdkTrays/Value
22:41:08: Info: Freetype returned null for character 142 in font SdkTrays/Value
22:41:08: Info: Freetype returned null for character 143 in font SdkTrays/Value
22:41:08: Info: Freetype returned null for character 144 in font SdkTrays/Value
22:41:08: Info: Freetype returned null for character 145 in font SdkTrays/Value
22:41:08: Info: Freetype returned null for character 146 in font SdkTrays/Value
22:41:08: Info: Freetype returned null for character 147 in font SdkTrays/Value
22:41:08: Info: Freetype returned null for character 148 in font SdkTrays/Value
22:41:08: Info: Freetype returned null for character 149 in font SdkTrays/Value
22:41:08: Info: Freetype returned null for character 150 in font SdkTrays/Value
22:41:08: Info: Freetype returned null for character 151 in font SdkTrays/Value
22:41:08: Info: Freetype returned null for character 152 in font SdkTrays/Value
22:41:08: Info: Freetype returned null for character 153 in font SdkTrays/Value
22:41:08: Info: Freetype returned null for character 154 in font SdkTrays/Value
22:41:08: Info: Freetype returned null for character 155 in font SdkTrays/Value
22:41:08: Info: Freetype returned null for character 156 in font SdkTrays/Value
22:41:08: Info: Freetype returned null for character 157 in font SdkTrays/Value
22:41:08: Info: Freetype returned null for character 158 in font SdkTrays/Value
22:41:08: Info: Freetype returned null for character 159 in font SdkTrays/Value
22:41:08: Info: Freetype returned null for character 160 in font SdkTrays/Value
22:41:08: Texture: SdkTrays/ValueTexture: Loading 1 faces(PF_BYTE_LA,512x256x1) with 0 generated mipmaps from Image. Internal format is PF_BYTE_LA,512x256x1.
22:41:16: DefaultWorkQueue('Root') shutting down on thread 7f19f986c800.
22:41:16: DefaultWorkQueue('Root')::WorkerFunc - thread 7f19ea51c700 stopped.
22:41:16: DefaultWorkQueue('Root')::WorkerFunc - thread 7f19e9d1b700 stopped.
22:41:16: DefaultWorkQueue('Root')::WorkerFunc - thread 7f19e8d19700 stopped.
22:41:16: DefaultWorkQueue('Root')::WorkerFunc - thread 7f19e951a700 stopped.
22:41:16: PCZone Factory Type 'ZoneType_Octree' unregistered
22:41:16: Unregistering ResourceManager for type BspLevel
22:41:16: *-*-* OGRE Shutdown
22:41:16: Unregistering ResourceManager for type Compositor
22:41:16: Unregistering ResourceManager for type Skeleton
22:41:16: Unregistering ResourceManager for type Mesh
22:41:16: Unregistering ResourceManager for type HighLevelGpuProgram
22:41:16: Uninstalling plugin: Octree Scene Manager
22:41:16: Plugin successfully uninstalled
22:41:16: Unloading library /usr/local/lib/OGRE/Plugin_OctreeSceneManager
22:41:16: Uninstalling plugin: Octree Zone Factory
22:41:16: Plugin successfully uninstalled
22:41:16: Unloading library /usr/local/lib/OGRE/Plugin_OctreeZone
22:41:16: Uninstalling plugin: Portal Connected Zone Scene Manager
22:41:16: Plugin successfully uninstalled
22:41:16: Unloading library /usr/local/lib/OGRE/Plugin_PCZSceneManager
22:41:16: Uninstalling plugin: Cg Program Manager
22:41:16: Plugin successfully uninstalled
22:41:16: Unloading library /usr/local/lib/OGRE/Plugin_CgProgramManager
22:41:16: Uninstalling plugin: BSP Scene Manager
22:41:16: Plugin successfully uninstalled
22:41:16: Unloading library /usr/local/lib/OGRE/Plugin_BSPSceneManager
22:41:16: Uninstalling plugin: ParticleFX
22:41:16: Plugin successfully uninstalled
22:41:16: Unloading library /usr/local/lib/OGRE/Plugin_ParticleFX
22:41:16: Uninstalling plugin: GL RenderSystem
22:41:16: Unregistering ResourceManager for type GpuProgram
22:41:16: ******************************
*** Stopping GLX Subsystem ***
******************************
22:41:16: Unregistering ResourceManager for type Texture
22:41:16: Plugin successfully uninstalled
22:41:16: Unloading library /usr/local/lib/OGRE/RenderSystem_GL
22:41:16: Unregistering ResourceManager for type Material
